
> probabl@0.1.0 dev
> next dev --turbopack

   ▲ Next.js 15.5.2 (Turbopack)
   - Local:        http://localhost:3000
   - Network:      http://192.168.1.246:3000

 ✓ Starting...
 ✓ Ready in 985ms
 ○ Compiling / ...
 ✓ Compiled / in 1841ms
 ⚠ [next]/internal/font/google/geist_8564c424.module.css
Error while requesting resource
There was an issue establishing a connection while requesting https://fonts.googleapis.com/css2?family=Geist:wght@100..900&display=swap.

Import trace:
  Server Component:
    [next]/internal/font/google/geist_8564c424.module.css
    [next]/internal/font/google/geist_8564c424.js
    ./src/app/layout.tsx


 ⚠ [next]/internal/font/google/geist_mono_1a1835ef.module.css
Error while requesting resource
There was an issue establishing a connection while requesting https://fonts.googleapis.com/css2?family=Geist+Mono:wght@100..900&display=swap.

Import trace:
  Server Component:
    [next]/internal/font/google/geist_mono_1a1835ef.module.css
    [next]/internal/font/google/geist_mono_1a1835ef.js
    ./src/app/layout.tsx


 ⚠ [next]/internal/font/google/geist_8564c424.module.css
next/font: warning:
Failed to download `Geist` from Google Fonts. Using fallback font instead.

Import trace:
  Server Component:
    [next]/internal/font/google/geist_8564c424.module.css
    [next]/internal/font/google/geist_8564c424.js
    ./src/app/layout.tsx


 ⚠ [next]/internal/font/google/geist_mono_1a1835ef.module.css
next/font: warning:
Failed to download `Geist Mono` from Google Fonts. Using fallback font instead.

Import trace:
  Server Component:
    [next]/internal/font/google/geist_mono_1a1835ef.module.css
    [next]/internal/font/google/geist_mono_1a1835ef.js
    ./src/app/layout.tsx


 ⨯ Error [ZodError]: [
  {
    "code": "invalid_value",
    "values": [
      2
    ],
    "path": [
      "version"
    ],
    "message": "Invalid input: expected 2"
  },
  {
    "code": "invalid_value",
    "values": [
      "single",
      "accumulator"
    ],
    "path": [
      "tips",
      0,
      "betType"
    ],
    "message": "Invalid option: expected one of \"single\"|\"accumulator\""
  },
  {
    "expected": "array",
    "code": "invalid_type",
    "path": [
      "tips",
      0,
      "legs"
    ],
    "message": "Invalid input: expected array, received undefined"
  },
  {
    "code": "invalid_value",
    "values": [
      "single",
      "accumulator"
    ],
    "path": [
      "tips",
      1,
      "betType"
    ],
    "message": "Invalid option: expected one of \"single\"|\"accumulator\""
  },
  {
    "expected": "array",
    "code": "invalid_type",
    "path": [
      "tips",
      1,
      "legs"
    ],
    "message": "Invalid input: expected array, received undefined"
  },
  {
    "code": "invalid_value",
    "values": [
      "single",
      "accumulator"
    ],
    "path": [
      "tips",
      2,
      "betType"
    ],
    "message": "Invalid option: expected one of \"single\"|\"accumulator\""
  },
  {
    "expected": "array",
    "code": "invalid_type",
    "path": [
      "tips",
      2,
      "legs"
    ],
    "message": "Invalid input: expected array, received undefined"
  }
]
    at validateDailyTips (src/lib/schemas.ts:157:33)
    at loadDailyTips (src/lib/data.ts:40:29)
    at async getTipsWithFilters (src/lib/data.ts:150:23)
    at async getRecentTips (src/lib/data.ts:294:20)
    at async HomePage (src/app/page.tsx:25:36)
  155 | // Validation helpers
  156 | export function validateDailyTips(data: unknown): DailyTipsPayload {
> 157 |   return DailyTipsPayloadSchema.parse(data);
      |                                 ^
  158 | }
  159 |
  160 | export function validateTipFilters(data: unknown): TipFilters { {
  digest: '920316921'
}
 GET / 500 in 2254ms
 ✓ Compiled in 69ms
 ✓ Compiled in 50ms
 ✓ Compiled in 125ms
 ✓ Compiled in 55ms
[?25h
